INFO:     Will watch for changes in these directories: ['/Users/macmini/Desktop/whitebox/wbl-backend']
INFO:     Uvicorn running on http://127.0.0.1:8000 (Press CTRL+C to quit)
INFO:     Started reloader process [6849] using WatchFiles
Process SpawnProcess-1:
Traceback (most recent call last):
  File "/Library/Developer/CommandLineTools/Library/Frameworks/Python3.framework/Versions/3.9/lib/python3.9/multiprocessing/process.py", line 315, in _bootstrap
    self.run()
  File "/Library/Developer/CommandLineTools/Library/Frameworks/Python3.framework/Versions/3.9/lib/python3.9/multiprocessing/process.py", line 108, in run
    self._target(*self._args, **self._kwargs)
  File "/Users/macmini/Desktop/whitebox/wbl-backend/myvenv/lib/python3.9/site-packages/uvicorn/_subprocess.py", line 80, in subprocess_started
    target(sockets=sockets)
  File "/Users/macmini/Desktop/whitebox/wbl-backend/myvenv/lib/python3.9/site-packages/uvicorn/server.py", line 67, in run
    return asyncio_run(self.serve(sockets=sockets), loop_factory=self.config.get_loop_factory())
  File "/Users/macmini/Desktop/whitebox/wbl-backend/myvenv/lib/python3.9/site-packages/uvicorn/_compat.py", line 60, in asyncio_run
    return loop.run_until_complete(main)
  File "uvloop/loop.pyx", line 1518, in uvloop.loop.Loop.run_until_complete
  File "/Users/macmini/Desktop/whitebox/wbl-backend/myvenv/lib/python3.9/site-packages/uvicorn/server.py", line 71, in serve
    await self._serve(sockets)
  File "/Users/macmini/Desktop/whitebox/wbl-backend/myvenv/lib/python3.9/site-packages/uvicorn/server.py", line 78, in _serve
    config.load()
  File "/Users/macmini/Desktop/whitebox/wbl-backend/myvenv/lib/python3.9/site-packages/uvicorn/config.py", line 439, in load
    self.loaded_app = import_from_string(self.app)
  File "/Users/macmini/Desktop/whitebox/wbl-backend/myvenv/lib/python3.9/site-packages/uvicorn/importer.py", line 19, in import_from_string
    module = importlib.import_module(module_str)
  File "/Library/Developer/CommandLineTools/Library/Frameworks/Python3.framework/Versions/3.9/lib/python3.9/importlib/__init__.py", line 127, in import_module
    return _bootstrap._gcd_import(name[level:], package, level)
  File "<frozen importlib._bootstrap>", line 1030, in _gcd_import
  File "<frozen importlib._bootstrap>", line 1007, in _find_and_load
  File "<frozen importlib._bootstrap>", line 986, in _find_and_load_unlocked
  File "<frozen importlib._bootstrap>", line 680, in _load_unlocked
  File "<frozen importlib._bootstrap_external>", line 850, in exec_module
  File "<frozen importlib._bootstrap>", line 228, in _call_with_frames_removed
  File "/Users/macmini/Desktop/whitebox/wbl-backend/fapi/main.py", line 2, in <module>
    from fapi.api.routes import (
  File "/Users/macmini/Desktop/whitebox/wbl-backend/fapi/api/routes/__init__.py", line 2, in <module>
    from . import (
  File "/Users/macmini/Desktop/whitebox/wbl-backend/fapi/api/routes/jobs.py", line 19, in <module>
    from fapi.utils.jobs_utils import get_job_activity_logs_version, get_job_types_version
ImportError: cannot import name 'get_job_activity_logs_version' from 'fapi.utils.jobs_utils' (/Users/macmini/Desktop/whitebox/wbl-backend/fapi/utils/jobs_utils.py)
WARNING:  WatchFiles detected changes in 'fapi/utils/jobs_utils.py'. Reloading...
Process SpawnProcess-2:
Traceback (most recent call last):
  File "/Library/Developer/CommandLineTools/Library/Frameworks/Python3.framework/Versions/3.9/lib/python3.9/multiprocessing/process.py", line 315, in _bootstrap
    self.run()
  File "/Library/Developer/CommandLineTools/Library/Frameworks/Python3.framework/Versions/3.9/lib/python3.9/multiprocessing/process.py", line 108, in run
    self._target(*self._args, **self._kwargs)
  File "/Users/macmini/Desktop/whitebox/wbl-backend/myvenv/lib/python3.9/site-packages/uvicorn/_subprocess.py", line 80, in subprocess_started
    target(sockets=sockets)
  File "/Users/macmini/Desktop/whitebox/wbl-backend/myvenv/lib/python3.9/site-packages/uvicorn/server.py", line 67, in run
    return asyncio_run(self.serve(sockets=sockets), loop_factory=self.config.get_loop_factory())
  File "/Users/macmini/Desktop/whitebox/wbl-backend/myvenv/lib/python3.9/site-packages/uvicorn/_compat.py", line 60, in asyncio_run
    return loop.run_until_complete(main)
  File "uvloop/loop.pyx", line 1518, in uvloop.loop.Loop.run_until_complete
  File "/Users/macmini/Desktop/whitebox/wbl-backend/myvenv/lib/python3.9/site-packages/uvicorn/server.py", line 71, in serve
    await self._serve(sockets)
  File "/Users/macmini/Desktop/whitebox/wbl-backend/myvenv/lib/python3.9/site-packages/uvicorn/server.py", line 78, in _serve
    config.load()
  File "/Users/macmini/Desktop/whitebox/wbl-backend/myvenv/lib/python3.9/site-packages/uvicorn/config.py", line 439, in load
    self.loaded_app = import_from_string(self.app)
  File "/Users/macmini/Desktop/whitebox/wbl-backend/myvenv/lib/python3.9/site-packages/uvicorn/importer.py", line 19, in import_from_string
    module = importlib.import_module(module_str)
  File "/Library/Developer/CommandLineTools/Library/Frameworks/Python3.framework/Versions/3.9/lib/python3.9/importlib/__init__.py", line 127, in import_module
    return _bootstrap._gcd_import(name[level:], package, level)
  File "<frozen importlib._bootstrap>", line 1030, in _gcd_import
  File "<frozen importlib._bootstrap>", line 1007, in _find_and_load
  File "<frozen importlib._bootstrap>", line 986, in _find_and_load_unlocked
  File "<frozen importlib._bootstrap>", line 680, in _load_unlocked
  File "<frozen importlib._bootstrap_external>", line 850, in exec_module
  File "<frozen importlib._bootstrap>", line 228, in _call_with_frames_removed
  File "/Users/macmini/Desktop/whitebox/wbl-backend/fapi/main.py", line 2, in <module>
    from fapi.api.routes import (
  File "/Users/macmini/Desktop/whitebox/wbl-backend/fapi/api/routes/__init__.py", line 2, in <module>
    from . import (
  File "/Users/macmini/Desktop/whitebox/wbl-backend/fapi/api/routes/jobs.py", line 77, in <module>
    current_user: AuthUserORM = Depends(get_current_user)
NameError: name 'AuthUserORM' is not defined
WARNING:  WatchFiles detected changes in 'fapi/api/routes/jobs.py'. Reloading...
Process SpawnProcess-3:
Traceback (most recent call last):
  File "/Library/Developer/CommandLineTools/Library/Frameworks/Python3.framework/Versions/3.9/lib/python3.9/multiprocessing/process.py", line 315, in _bootstrap
    self.run()
  File "/Library/Developer/CommandLineTools/Library/Frameworks/Python3.framework/Versions/3.9/lib/python3.9/multiprocessing/process.py", line 108, in run
    self._target(*self._args, **self._kwargs)
  File "/Users/macmini/Desktop/whitebox/wbl-backend/myvenv/lib/python3.9/site-packages/uvicorn/_subprocess.py", line 80, in subprocess_started
    target(sockets=sockets)
  File "/Users/macmini/Desktop/whitebox/wbl-backend/myvenv/lib/python3.9/site-packages/uvicorn/server.py", line 67, in run
    return asyncio_run(self.serve(sockets=sockets), loop_factory=self.config.get_loop_factory())
  File "/Users/macmini/Desktop/whitebox/wbl-backend/myvenv/lib/python3.9/site-packages/uvicorn/_compat.py", line 60, in asyncio_run
    return loop.run_until_complete(main)
  File "uvloop/loop.pyx", line 1518, in uvloop.loop.Loop.run_until_complete
  File "/Users/macmini/Desktop/whitebox/wbl-backend/myvenv/lib/python3.9/site-packages/uvicorn/server.py", line 71, in serve
    await self._serve(sockets)
  File "/Users/macmini/Desktop/whitebox/wbl-backend/myvenv/lib/python3.9/site-packages/uvicorn/server.py", line 78, in _serve
    config.load()
  File "/Users/macmini/Desktop/whitebox/wbl-backend/myvenv/lib/python3.9/site-packages/uvicorn/config.py", line 439, in load
    self.loaded_app = import_from_string(self.app)
  File "/Users/macmini/Desktop/whitebox/wbl-backend/myvenv/lib/python3.9/site-packages/uvicorn/importer.py", line 19, in import_from_string
    module = importlib.import_module(module_str)
  File "/Library/Developer/CommandLineTools/Library/Frameworks/Python3.framework/Versions/3.9/lib/python3.9/importlib/__init__.py", line 127, in import_module
    return _bootstrap._gcd_import(name[level:], package, level)
  File "<frozen importlib._bootstrap>", line 1030, in _gcd_import
  File "<frozen importlib._bootstrap>", line 1007, in _find_and_load
  File "<frozen importlib._bootstrap>", line 986, in _find_and_load_unlocked
  File "<frozen importlib._bootstrap>", line 680, in _load_unlocked
  File "<frozen importlib._bootstrap_external>", line 850, in exec_module
  File "<frozen importlib._bootstrap>", line 228, in _call_with_frames_removed
  File "/Users/macmini/Desktop/whitebox/wbl-backend/fapi/main.py", line 2, in <module>
    from fapi.api.routes import (
  File "/Users/macmini/Desktop/whitebox/wbl-backend/fapi/api/routes/__init__.py", line 2, in <module>
    from . import (
  File "/Users/macmini/Desktop/whitebox/wbl-backend/fapi/api/routes/placement_fee_collection.py", line 16, in <module>
    @router.get("/placement-fee", response_model=list[PlacementFeeOut])
NameError: name 'PlacementFeeOut' is not defined
WARNING:  WatchFiles detected changes in 'fapi/api/routes/placement_fee_collection.py'. Reloading...
INFO:     Started server process [7177]
INFO:     Waiting for application startup.
INFO:     Application startup complete.
INFO:     127.0.0.1:64994 - "HEAD /api/login HTTP/1.1" 405 Method Not Allowed
/Users/macmini/Desktop/whitebox/wbl-backend/fapi/utils/db_queries.py:7: SAWarning: relationship 'CandidateORM.preparation_records' will copy column candidate.id to column candidate_preparation.candidate_id, which conflicts with relationship(s): 'CandidateORM.preparations' (copies candidate.id to candidate_preparation.candidate_id). If this is not the intention, consider if these relationships should be linked with back_populates, or if viewonly=True should be applied to one or more if they are read-only. For the less common case that foreign key constraints are partially overlapping, the orm.foreign() annotation can be used to isolate the columns that should be written towards.   To silence this warning, add the parameter 'overlaps="preparations"' to the 'CandidateORM.preparation_records' relationship. (Background on this warning at: https://sqlalche.me/e/20/qzyx) (This warning originated from the `configure_mappers()` process, which was invoked automatically in response to a user-initiated operation.)
  return db.query(AuthUserORM).filter(AuthUserORM.uname == uname).first()
/Users/macmini/Desktop/whitebox/wbl-backend/fapi/utils/db_queries.py:7: SAWarning: relationship 'CandidateORM.interview_records' will copy column candidate.id to column candidate_interview.candidate_id, which conflicts with relationship(s): 'CandidateORM.interviews' (copies candidate.id to candidate_interview.candidate_id). If this is not the intention, consider if these relationships should be linked with back_populates, or if viewonly=True should be applied to one or more if they are read-only. For the less common case that foreign key constraints are partially overlapping, the orm.foreign() annotation can be used to isolate the columns that should be written towards.   To silence this warning, add the parameter 'overlaps="interviews"' to the 'CandidateORM.interview_records' relationship. (Background on this warning at: https://sqlalche.me/e/20/qzyx) (This warning originated from the `configure_mappers()` process, which was invoked automatically in response to a user-initiated operation.)
  return db.query(AuthUserORM).filter(AuthUserORM.uname == uname).first()
/Users/macmini/Desktop/whitebox/wbl-backend/fapi/utils/db_queries.py:7: SAWarning: relationship 'CandidateORM.placement_records' will copy column candidate.id to column candidate_placement.candidate_id, which conflicts with relationship(s): 'CandidateORM.placements' (copies candidate.id to candidate_placement.candidate_id). If this is not the intention, consider if these relationships should be linked with back_populates, or if viewonly=True should be applied to one or more if they are read-only. For the less common case that foreign key constraints are partially overlapping, the orm.foreign() annotation can be used to isolate the columns that should be written towards.   To silence this warning, add the parameter 'overlaps="placements"' to the 'CandidateORM.placement_records' relationship. (Background on this warning at: https://sqlalche.me/e/20/qzyx) (This warning originated from the `configure_mappers()` process, which was invoked automatically in response to a user-initiated operation.)
  return db.query(AuthUserORM).filter(AuthUserORM.uname == uname).first()
/Users/macmini/Desktop/whitebox/wbl-backend/fapi/utils/db_queries.py:7: SAWarning: relationship 'CandidatePlacementORM.candidate' will copy column candidate.id to column candidate_placement.candidate_id, which conflicts with relationship(s): 'CandidateORM.placement_records' (copies candidate.id to candidate_placement.candidate_id). If this is not the intention, consider if these relationships should be linked with back_populates, or if viewonly=True should be applied to one or more if they are read-only. For the less common case that foreign key constraints are partially overlapping, the orm.foreign() annotation can be used to isolate the columns that should be written towards.   To silence this warning, add the parameter 'overlaps="placement_records"' to the 'CandidatePlacementORM.candidate' relationship. (Background on this warning at: https://sqlalche.me/e/20/qzyx) (This warning originated from the `configure_mappers()` process, which was invoked automatically in response to a user-initiated operation.)
  return db.query(AuthUserORM).filter(AuthUserORM.uname == uname).first()
Login attempt for username: t.jatinsingh27@gmail.com
Authenticate user result: {'_sa_instance_state': <sqlalchemy.orm.state.InstanceState object at 0x1108d9fa0>, 'passwd': 'f3714ce72edf4f26c6bde8af73ce3f93', 'phone': '9052028056', 'token_expiry': None, 'team': None, 'state': None, 'role': 'admin', 'status': 'active', 'city': None, 'lastmoddatetime': datetime.datetime(2026, 2, 25, 9, 39, 13), 'visa_status': None, 'lastlogin': None, 'zip': '', 'enddate': datetime.date(1990, 1, 1), 'notes': '', 'uname': 't.jatinsingh27@gmail.com', 'logincount': 47, 'country': None, 'registereddate': datetime.datetime(2026, 1, 5, 17, 37, 50), 'fullname': 'jatin thakur', 'message': None, 'googleId': None, 'address': '', 'reset_token': None, 'id': 4775, 'candidateid': None, 'is_admin': True, 'is_employee': True}
INFO:     127.0.0.1:65364 - "POST /api/login HTTP/1.1" 200 OK
INFO:     127.0.0.1:65364 - "OPTIONS /api/user_role HTTP/1.1" 200 OK
INFO:     127.0.0.1:65364 - "GET /api/user_role HTTP/1.1" 200 OK
INFO:     127.0.0.1:65364 - "OPTIONS /api/candidate/placements HTTP/1.1" 200 OK
/Users/macmini/Desktop/whitebox/wbl-backend/fapi/utils/candidate_utils.py:423: SAWarning: Coercing Subquery object into a select() for use in IN(); please pass a select() construct explicitly
  .filter(CandidatePlacementORM.id.in_(placement_ids_subquery))
INFO:     127.0.0.1:65368 - "GET /api/candidate/placements HTTP/1.1" 200 OK
INFO:     127.0.0.1:65368 - "OPTIONS /api/interviews HTTP/1.1" 200 OK
ERROR:wbl:Unhandled exception during request: GET http://localhost:8000/api/interviews
ERROR:wbl:Traceback (most recent call last):
  File "/Users/macmini/Desktop/whitebox/wbl-backend/fapi/main.py", line 50, in log_exceptions
    response = await call_next(request)
  File "/Users/macmini/Desktop/whitebox/wbl-backend/myvenv/lib/python3.9/site-packages/starlette/middleware/base.py", line 168, in call_next
    raise app_exc from app_exc.__cause__ or app_exc.__context__
  File "/Users/macmini/Desktop/whitebox/wbl-backend/myvenv/lib/python3.9/site-packages/starlette/middleware/base.py", line 144, in coro
    await self.app(scope, receive_or_disconnect, send_no_error)
  File "/Users/macmini/Desktop/whitebox/wbl-backend/myvenv/lib/python3.9/site-packages/starlette/middleware/cors.py", line 93, in __call__
    await self.simple_response(scope, receive, send, request_headers=headers)
  File "/Users/macmini/Desktop/whitebox/wbl-backend/myvenv/lib/python3.9/site-packages/starlette/middleware/cors.py", line 144, in simple_response
    await self.app(scope, receive, send)
  File "/Users/macmini/Desktop/whitebox/wbl-backend/myvenv/lib/python3.9/site-packages/starlette/middleware/exceptions.py", line 63, in __call__
    await wrap_app_handling_exceptions(self.app, conn)(scope, receive, send)
  File "/Users/macmini/Desktop/whitebox/wbl-backend/myvenv/lib/python3.9/site-packages/starlette/_exception_handler.py", line 53, in wrapped_app
    raise exc
  File "/Users/macmini/Desktop/whitebox/wbl-backend/myvenv/lib/python3.9/site-packages/starlette/_exception_handler.py", line 42, in wrapped_app
    await app(scope, receive, sender)
  File "/Users/macmini/Desktop/whitebox/wbl-backend/myvenv/lib/python3.9/site-packages/fastapi/middleware/asyncexitstack.py", line 18, in __call__
    await self.app(scope, receive, send)
  File "/Users/macmini/Desktop/whitebox/wbl-backend/myvenv/lib/python3.9/site-packages/starlette/routing.py", line 716, in __call__
    await self.middleware_stack(scope, receive, send)
  File "/Users/macmini/Desktop/whitebox/wbl-backend/myvenv/lib/python3.9/site-packages/starlette/routing.py", line 736, in app
    await route.handle(scope, receive, send)
  File "/Users/macmini/Desktop/whitebox/wbl-backend/myvenv/lib/python3.9/site-packages/starlette/routing.py", line 290, in handle
    await self.app(scope, receive, send)
  File "/Users/macmini/Desktop/whitebox/wbl-backend/myvenv/lib/python3.9/site-packages/fastapi/routing.py", line 121, in app
    await wrap_app_handling_exceptions(app, request)(scope, receive, send)
  File "/Users/macmini/Desktop/whitebox/wbl-backend/myvenv/lib/python3.9/site-packages/starlette/_exception_handler.py", line 53, in wrapped_app
    raise exc
  File "/Users/macmini/Desktop/whitebox/wbl-backend/myvenv/lib/python3.9/site-packages/starlette/_exception_handler.py", line 42, in wrapped_app
    await app(scope, receive, sender)
  File "/Users/macmini/Desktop/whitebox/wbl-backend/myvenv/lib/python3.9/site-packages/fastapi/routing.py", line 107, in app
    response = await f(request)
  File "/Users/macmini/Desktop/whitebox/wbl-backend/myvenv/lib/python3.9/site-packages/fastapi/routing.py", line 426, in app
    raw_response = await run_endpoint_function(
  File "/Users/macmini/Desktop/whitebox/wbl-backend/myvenv/lib/python3.9/site-packages/fastapi/routing.py", line 316, in run_endpoint_function
    return await run_in_threadpool(dependant.call, **values)
  File "/Users/macmini/Desktop/whitebox/wbl-backend/myvenv/lib/python3.9/site-packages/starlette/concurrency.py", line 38, in run_in_threadpool
    return await anyio.to_thread.run_sync(func)
  File "/Users/macmini/Desktop/whitebox/wbl-backend/myvenv/lib/python3.9/site-packages/anyio/to_thread.py", line 63, in run_sync
    return await get_async_backend().run_sync_in_worker_thread(
  File "/Users/macmini/Desktop/whitebox/wbl-backend/myvenv/lib/python3.9/site-packages/anyio/_backends/_asyncio.py", line 2502, in run_sync_in_worker_thread
    return await future
  File "/Users/macmini/Desktop/whitebox/wbl-backend/myvenv/lib/python3.9/site-packages/anyio/_backends/_asyncio.py", line 986, in run
    result = context.run(func, *args)
  File "/Users/macmini/Desktop/whitebox/wbl-backend/fapi/api/routes/candidate.py", line 245, in list_interviews
    return [serialize_interview(i) for i in interviews]
  File "/Users/macmini/Desktop/whitebox/wbl-backend/fapi/api/routes/candidate.py", line 245, in <listcomp>
    return [serialize_interview(i) for i in interviews]
NameError: name 'serialize_interview' is not defined

INFO:     127.0.0.1:65364 - "GET /api/interviews HTTP/1.1" 500 Internal Server Error
ERROR:    Exception in ASGI application
Traceback (most recent call last):
  File "/Users/macmini/Desktop/whitebox/wbl-backend/myvenv/lib/python3.9/site-packages/uvicorn/protocols/http/httptools_impl.py", line 415, in run_asgi
    result = await app(  # type: ignore[func-returns-value]
  File "/Users/macmini/Desktop/whitebox/wbl-backend/myvenv/lib/python3.9/site-packages/uvicorn/middleware/proxy_headers.py", line 60, in __call__
    return await self.app(scope, receive, send)
  File "/Users/macmini/Desktop/whitebox/wbl-backend/myvenv/lib/python3.9/site-packages/fastapi/applications.py", line 1138, in __call__
    await super().__call__(scope, receive, send)
  File "/Users/macmini/Desktop/whitebox/wbl-backend/myvenv/lib/python3.9/site-packages/starlette/applications.py", line 113, in __call__
    await self.middleware_stack(scope, receive, send)
  File "/Users/macmini/Desktop/whitebox/wbl-backend/myvenv/lib/python3.9/site-packages/starlette/middleware/errors.py", line 186, in __call__
    raise exc
  File "/Users/macmini/Desktop/whitebox/wbl-backend/myvenv/lib/python3.9/site-packages/starlette/middleware/errors.py", line 164, in __call__
    await self.app(scope, receive, _send)
  File "/Users/macmini/Desktop/whitebox/wbl-backend/myvenv/lib/python3.9/site-packages/starlette/middleware/base.py", line 196, in __call__
    recv_stream.close()
  File "/Library/Developer/CommandLineTools/Library/Frameworks/Python3.framework/Versions/3.9/lib/python3.9/contextlib.py", line 135, in __exit__
    self.gen.throw(type, value, traceback)
  File "/Users/macmini/Desktop/whitebox/wbl-backend/myvenv/lib/python3.9/site-packages/starlette/_utils.py", line 85, in collapse_excgroups
    raise exc
  File "/Users/macmini/Desktop/whitebox/wbl-backend/myvenv/lib/python3.9/site-packages/starlette/middleware/base.py", line 193, in __call__
    response = await self.dispatch_func(request, call_next)
  File "/Users/macmini/Desktop/whitebox/wbl-backend/fapi/main.py", line 50, in log_exceptions
    response = await call_next(request)
  File "/Users/macmini/Desktop/whitebox/wbl-backend/myvenv/lib/python3.9/site-packages/starlette/middleware/base.py", line 168, in call_next
    raise app_exc from app_exc.__cause__ or app_exc.__context__
  File "/Users/macmini/Desktop/whitebox/wbl-backend/myvenv/lib/python3.9/site-packages/starlette/middleware/base.py", line 144, in coro
    await self.app(scope, receive_or_disconnect, send_no_error)
  File "/Users/macmini/Desktop/whitebox/wbl-backend/myvenv/lib/python3.9/site-packages/starlette/middleware/cors.py", line 93, in __call__
    await self.simple_response(scope, receive, send, request_headers=headers)
  File "/Users/macmini/Desktop/whitebox/wbl-backend/myvenv/lib/python3.9/site-packages/starlette/middleware/cors.py", line 144, in simple_response
    await self.app(scope, receive, send)
  File "/Users/macmini/Desktop/whitebox/wbl-backend/myvenv/lib/python3.9/site-packages/starlette/middleware/exceptions.py", line 63, in __call__
    await wrap_app_handling_exceptions(self.app, conn)(scope, receive, send)
  File "/Users/macmini/Desktop/whitebox/wbl-backend/myvenv/lib/python3.9/site-packages/starlette/_exception_handler.py", line 53, in wrapped_app
    raise exc
  File "/Users/macmini/Desktop/whitebox/wbl-backend/myvenv/lib/python3.9/site-packages/starlette/_exception_handler.py", line 42, in wrapped_app
    await app(scope, receive, sender)
  File "/Users/macmini/Desktop/whitebox/wbl-backend/myvenv/lib/python3.9/site-packages/fastapi/middleware/asyncexitstack.py", line 18, in __call__
    await self.app(scope, receive, send)
  File "/Users/macmini/Desktop/whitebox/wbl-backend/myvenv/lib/python3.9/site-packages/starlette/routing.py", line 716, in __call__
    await self.middleware_stack(scope, receive, send)
  File "/Users/macmini/Desktop/whitebox/wbl-backend/myvenv/lib/python3.9/site-packages/starlette/routing.py", line 736, in app
    await route.handle(scope, receive, send)
  File "/Users/macmini/Desktop/whitebox/wbl-backend/myvenv/lib/python3.9/site-packages/starlette/routing.py", line 290, in handle
    await self.app(scope, receive, send)
  File "/Users/macmini/Desktop/whitebox/wbl-backend/myvenv/lib/python3.9/site-packages/fastapi/routing.py", line 121, in app
    await wrap_app_handling_exceptions(app, request)(scope, receive, send)
  File "/Users/macmini/Desktop/whitebox/wbl-backend/myvenv/lib/python3.9/site-packages/starlette/_exception_handler.py", line 53, in wrapped_app
    raise exc
  File "/Users/macmini/Desktop/whitebox/wbl-backend/myvenv/lib/python3.9/site-packages/starlette/_exception_handler.py", line 42, in wrapped_app
    await app(scope, receive, sender)
  File "/Users/macmini/Desktop/whitebox/wbl-backend/myvenv/lib/python3.9/site-packages/fastapi/routing.py", line 107, in app
    response = await f(request)
  File "/Users/macmini/Desktop/whitebox/wbl-backend/myvenv/lib/python3.9/site-packages/fastapi/routing.py", line 426, in app
    raw_response = await run_endpoint_function(
  File "/Users/macmini/Desktop/whitebox/wbl-backend/myvenv/lib/python3.9/site-packages/fastapi/routing.py", line 316, in run_endpoint_function
    return await run_in_threadpool(dependant.call, **values)
  File "/Users/macmini/Desktop/whitebox/wbl-backend/myvenv/lib/python3.9/site-packages/starlette/concurrency.py", line 38, in run_in_threadpool
    return await anyio.to_thread.run_sync(func)
  File "/Users/macmini/Desktop/whitebox/wbl-backend/myvenv/lib/python3.9/site-packages/anyio/to_thread.py", line 63, in run_sync
    return await get_async_backend().run_sync_in_worker_thread(
  File "/Users/macmini/Desktop/whitebox/wbl-backend/myvenv/lib/python3.9/site-packages/anyio/_backends/_asyncio.py", line 2502, in run_sync_in_worker_thread
    return await future
  File "/Users/macmini/Desktop/whitebox/wbl-backend/myvenv/lib/python3.9/site-packages/anyio/_backends/_asyncio.py", line 986, in run
    result = context.run(func, *args)
  File "/Users/macmini/Desktop/whitebox/wbl-backend/fapi/api/routes/candidate.py", line 245, in list_interviews
    return [serialize_interview(i) for i in interviews]
  File "/Users/macmini/Desktop/whitebox/wbl-backend/fapi/api/routes/candidate.py", line 245, in <listcomp>
    return [serialize_interview(i) for i in interviews]
NameError: name 'serialize_interview' is not defined
INFO:     127.0.0.1:65379 - "GET /api/user_role HTTP/1.1" 200 OK
INFO:     127.0.0.1:65379 - "OPTIONS /api/metrics/employee HTTP/1.1" 200 OK
INFO:     127.0.0.1:65379 - "GET /api/metrics/employee HTTP/1.1" 200 OK
WARNING:  WatchFiles detected changes in 'fapi/api/routes/candidate.py'. Reloading...
INFO:     Shutting down
INFO:     Waiting for application shutdown.
INFO:     Application shutdown complete.
INFO:     Finished server process [7177]
Process SpawnProcess-5:
Traceback (most recent call last):
  File "/Library/Developer/CommandLineTools/Library/Frameworks/Python3.framework/Versions/3.9/lib/python3.9/multiprocessing/process.py", line 315, in _bootstrap
    self.run()
  File "/Library/Developer/CommandLineTools/Library/Frameworks/Python3.framework/Versions/3.9/lib/python3.9/multiprocessing/process.py", line 108, in run
    self._target(*self._args, **self._kwargs)
  File "/Users/macmini/Desktop/whitebox/wbl-backend/myvenv/lib/python3.9/site-packages/uvicorn/_subprocess.py", line 80, in subprocess_started
    target(sockets=sockets)
  File "/Users/macmini/Desktop/whitebox/wbl-backend/myvenv/lib/python3.9/site-packages/uvicorn/server.py", line 67, in run
    return asyncio_run(self.serve(sockets=sockets), loop_factory=self.config.get_loop_factory())
  File "/Users/macmini/Desktop/whitebox/wbl-backend/myvenv/lib/python3.9/site-packages/uvicorn/_compat.py", line 60, in asyncio_run
    return loop.run_until_complete(main)
  File "uvloop/loop.pyx", line 1518, in uvloop.loop.Loop.run_until_complete
  File "/Users/macmini/Desktop/whitebox/wbl-backend/myvenv/lib/python3.9/site-packages/uvicorn/server.py", line 71, in serve
    await self._serve(sockets)
  File "/Users/macmini/Desktop/whitebox/wbl-backend/myvenv/lib/python3.9/site-packages/uvicorn/server.py", line 78, in _serve
    config.load()
  File "/Users/macmini/Desktop/whitebox/wbl-backend/myvenv/lib/python3.9/site-packages/uvicorn/config.py", line 439, in load
    self.loaded_app = import_from_string(self.app)
  File "/Users/macmini/Desktop/whitebox/wbl-backend/myvenv/lib/python3.9/site-packages/uvicorn/importer.py", line 19, in import_from_string
    module = importlib.import_module(module_str)
  File "/Library/Developer/CommandLineTools/Library/Frameworks/Python3.framework/Versions/3.9/lib/python3.9/importlib/__init__.py", line 127, in import_module
    return _bootstrap._gcd_import(name[level:], package, level)
  File "<frozen importlib._bootstrap>", line 1030, in _gcd_import
  File "<frozen importlib._bootstrap>", line 1007, in _find_and_load
  File "<frozen importlib._bootstrap>", line 986, in _find_and_load_unlocked
  File "<frozen importlib._bootstrap>", line 680, in _load_unlocked
  File "<frozen importlib._bootstrap_external>", line 850, in exec_module
  File "<frozen importlib._bootstrap>", line 228, in _call_with_frames_removed
  File "/Users/macmini/Desktop/whitebox/wbl-backend/fapi/main.py", line 2, in <module>
    from fapi.api.routes import (
  File "/Users/macmini/Desktop/whitebox/wbl-backend/fapi/api/routes/__init__.py", line 2, in <module>
    from . import (
  File "/Users/macmini/Desktop/whitebox/wbl-backend/fapi/api/routes/candidate.py", line 18, in <module>
    from fapi.utils.candidate_utils import (
ImportError: cannot import name 'get_candidate_marketing' from 'fapi.utils.candidate_utils' (/Users/macmini/Desktop/whitebox/wbl-backend/fapi/utils/candidate_utils.py)
WARNING:  WatchFiles detected changes in 'fapi/api/routes/placement_commission.py'. Reloading...
Process SpawnProcess-6:
Traceback (most recent call last):
  File "/Library/Developer/CommandLineTools/Library/Frameworks/Python3.framework/Versions/3.9/lib/python3.9/multiprocessing/process.py", line 315, in _bootstrap
    self.run()
  File "/Library/Developer/CommandLineTools/Library/Frameworks/Python3.framework/Versions/3.9/lib/python3.9/multiprocessing/process.py", line 108, in run
    self._target(*self._args, **self._kwargs)
  File "/Users/macmini/Desktop/whitebox/wbl-backend/myvenv/lib/python3.9/site-packages/uvicorn/_subprocess.py", line 80, in subprocess_started
    target(sockets=sockets)
  File "/Users/macmini/Desktop/whitebox/wbl-backend/myvenv/lib/python3.9/site-packages/uvicorn/server.py", line 67, in run
    return asyncio_run(self.serve(sockets=sockets), loop_factory=self.config.get_loop_factory())
  File "/Users/macmini/Desktop/whitebox/wbl-backend/myvenv/lib/python3.9/site-packages/uvicorn/_compat.py", line 60, in asyncio_run
    return loop.run_until_complete(main)
  File "uvloop/loop.pyx", line 1518, in uvloop.loop.Loop.run_until_complete
  File "/Users/macmini/Desktop/whitebox/wbl-backend/myvenv/lib/python3.9/site-packages/uvicorn/server.py", line 71, in serve
    await self._serve(sockets)
  File "/Users/macmini/Desktop/whitebox/wbl-backend/myvenv/lib/python3.9/site-packages/uvicorn/server.py", line 78, in _serve
    config.load()
  File "/Users/macmini/Desktop/whitebox/wbl-backend/myvenv/lib/python3.9/site-packages/uvicorn/config.py", line 439, in load
    self.loaded_app = import_from_string(self.app)
  File "/Users/macmini/Desktop/whitebox/wbl-backend/myvenv/lib/python3.9/site-packages/uvicorn/importer.py", line 19, in import_from_string
    module = importlib.import_module(module_str)
  File "/Library/Developer/CommandLineTools/Library/Frameworks/Python3.framework/Versions/3.9/lib/python3.9/importlib/__init__.py", line 127, in import_module
    return _bootstrap._gcd_import(name[level:], package, level)
  File "<frozen importlib._bootstrap>", line 1030, in _gcd_import
  File "<frozen importlib._bootstrap>", line 1007, in _find_and_load
  File "<frozen importlib._bootstrap>", line 986, in _find_and_load_unlocked
  File "<frozen importlib._bootstrap>", line 680, in _load_unlocked
  File "<frozen importlib._bootstrap_external>", line 850, in exec_module
  File "<frozen importlib._bootstrap>", line 228, in _call_with_frames_removed
  File "/Users/macmini/Desktop/whitebox/wbl-backend/fapi/main.py", line 2, in <module>
    from fapi.api.routes import (
  File "/Users/macmini/Desktop/whitebox/wbl-backend/fapi/api/routes/__init__.py", line 2, in <module>
    from . import (
  File "/Users/macmini/Desktop/whitebox/wbl-backend/fapi/api/routes/candidate.py", line 18, in <module>
    from fapi.utils.candidate_utils import (
ImportError: cannot import name 'get_candidate_marketing' from 'fapi.utils.candidate_utils' (/Users/macmini/Desktop/whitebox/wbl-backend/fapi/utils/candidate_utils.py)
WARNING:  WatchFiles detected changes in 'fapi/api/routes/candidate.py'. Reloading...
Process SpawnProcess-7:
Traceback (most recent call last):
  File "/Library/Developer/CommandLineTools/Library/Frameworks/Python3.framework/Versions/3.9/lib/python3.9/multiprocessing/process.py", line 315, in _bootstrap
    self.run()
  File "/Library/Developer/CommandLineTools/Library/Frameworks/Python3.framework/Versions/3.9/lib/python3.9/multiprocessing/process.py", line 108, in run
    self._target(*self._args, **self._kwargs)
  File "/Users/macmini/Desktop/whitebox/wbl-backend/myvenv/lib/python3.9/site-packages/uvicorn/_subprocess.py", line 80, in subprocess_started
    target(sockets=sockets)
  File "/Users/macmini/Desktop/whitebox/wbl-backend/myvenv/lib/python3.9/site-packages/uvicorn/server.py", line 67, in run
    return asyncio_run(self.serve(sockets=sockets), loop_factory=self.config.get_loop_factory())
  File "/Users/macmini/Desktop/whitebox/wbl-backend/myvenv/lib/python3.9/site-packages/uvicorn/_compat.py", line 60, in asyncio_run
    return loop.run_until_complete(main)
  File "uvloop/loop.pyx", line 1518, in uvloop.loop.Loop.run_until_complete
  File "/Users/macmini/Desktop/whitebox/wbl-backend/myvenv/lib/python3.9/site-packages/uvicorn/server.py", line 71, in serve
    await self._serve(sockets)
  File "/Users/macmini/Desktop/whitebox/wbl-backend/myvenv/lib/python3.9/site-packages/uvicorn/server.py", line 78, in _serve
    config.load()
  File "/Users/macmini/Desktop/whitebox/wbl-backend/myvenv/lib/python3.9/site-packages/uvicorn/config.py", line 439, in load
    self.loaded_app = import_from_string(self.app)
  File "/Users/macmini/Desktop/whitebox/wbl-backend/myvenv/lib/python3.9/site-packages/uvicorn/importer.py", line 19, in import_from_string
    module = importlib.import_module(module_str)
  File "/Library/Developer/CommandLineTools/Library/Frameworks/Python3.framework/Versions/3.9/lib/python3.9/importlib/__init__.py", line 127, in import_module
    return _bootstrap._gcd_import(name[level:], package, level)
  File "<frozen importlib._bootstrap>", line 1030, in _gcd_import
  File "<frozen importlib._bootstrap>", line 1007, in _find_and_load
  File "<frozen importlib._bootstrap>", line 986, in _find_and_load_unlocked
  File "<frozen importlib._bootstrap>", line 680, in _load_unlocked
  File "<frozen importlib._bootstrap_external>", line 850, in exec_module
  File "<frozen importlib._bootstrap>", line 228, in _call_with_frames_removed
  File "/Users/macmini/Desktop/whitebox/wbl-backend/fapi/main.py", line 2, in <module>
    from fapi.api.routes import (
  File "/Users/macmini/Desktop/whitebox/wbl-backend/fapi/api/routes/__init__.py", line 2, in <module>
    from . import (
  File "/Users/macmini/Desktop/whitebox/wbl-backend/fapi/api/routes/candidate.py", line 19, in <module>
    from fapi.utils.candidate_utils import (
ImportError: cannot import name 'get_candidate_marketing' from 'fapi.utils.candidate_utils' (/Users/macmini/Desktop/whitebox/wbl-backend/fapi/utils/candidate_utils.py)
WARNING:  WatchFiles detected changes in 'fapi/api/routes/hr_contact.py'. Reloading...
Process SpawnProcess-8:
Traceback (most recent call last):
  File "/Library/Developer/CommandLineTools/Library/Frameworks/Python3.framework/Versions/3.9/lib/python3.9/multiprocessing/process.py", line 315, in _bootstrap
    self.run()
  File "/Library/Developer/CommandLineTools/Library/Frameworks/Python3.framework/Versions/3.9/lib/python3.9/multiprocessing/process.py", line 108, in run
    self._target(*self._args, **self._kwargs)
  File "/Users/macmini/Desktop/whitebox/wbl-backend/myvenv/lib/python3.9/site-packages/uvicorn/_subprocess.py", line 80, in subprocess_started
    target(sockets=sockets)
  File "/Users/macmini/Desktop/whitebox/wbl-backend/myvenv/lib/python3.9/site-packages/uvicorn/server.py", line 67, in run
    return asyncio_run(self.serve(sockets=sockets), loop_factory=self.config.get_loop_factory())
  File "/Users/macmini/Desktop/whitebox/wbl-backend/myvenv/lib/python3.9/site-packages/uvicorn/_compat.py", line 60, in asyncio_run
    return loop.run_until_complete(main)
  File "uvloop/loop.pyx", line 1518, in uvloop.loop.Loop.run_until_complete
  File "/Users/macmini/Desktop/whitebox/wbl-backend/myvenv/lib/python3.9/site-packages/uvicorn/server.py", line 71, in serve
    await self._serve(sockets)
  File "/Users/macmini/Desktop/whitebox/wbl-backend/myvenv/lib/python3.9/site-packages/uvicorn/server.py", line 78, in _serve
    config.load()
  File "/Users/macmini/Desktop/whitebox/wbl-backend/myvenv/lib/python3.9/site-packages/uvicorn/config.py", line 439, in load
    self.loaded_app = import_from_string(self.app)
  File "/Users/macmini/Desktop/whitebox/wbl-backend/myvenv/lib/python3.9/site-packages/uvicorn/importer.py", line 19, in import_from_string
    module = importlib.import_module(module_str)
  File "/Library/Developer/CommandLineTools/Library/Frameworks/Python3.framework/Versions/3.9/lib/python3.9/importlib/__init__.py", line 127, in import_module
    return _bootstrap._gcd_import(name[level:], package, level)
  File "<frozen importlib._bootstrap>", line 1030, in _gcd_import
  File "<frozen importlib._bootstrap>", line 1007, in _find_and_load
  File "<frozen importlib._bootstrap>", line 986, in _find_and_load_unlocked
  File "<frozen importlib._bootstrap>", line 680, in _load_unlocked
  File "<frozen importlib._bootstrap_external>", line 850, in exec_module
  File "<frozen importlib._bootstrap>", line 228, in _call_with_frames_removed
  File "/Users/macmini/Desktop/whitebox/wbl-backend/fapi/main.py", line 2, in <module>
    from fapi.api.routes import (
  File "/Users/macmini/Desktop/whitebox/wbl-backend/fapi/api/routes/__init__.py", line 2, in <module>
    from . import (
  File "/Users/macmini/Desktop/whitebox/wbl-backend/fapi/api/routes/candidate.py", line 19, in <module>
    from fapi.utils.candidate_utils import (
ImportError: cannot import name 'get_candidate_marketing' from 'fapi.utils.candidate_utils' (/Users/macmini/Desktop/whitebox/wbl-backend/fapi/utils/candidate_utils.py)
WARNING:  WatchFiles detected changes in 'fapi/api/routes/authuser.py'. Reloading...
Process SpawnProcess-9:
Traceback (most recent call last):
  File "/Library/Developer/CommandLineTools/Library/Frameworks/Python3.framework/Versions/3.9/lib/python3.9/multiprocessing/process.py", line 315, in _bootstrap
    self.run()
  File "/Library/Developer/CommandLineTools/Library/Frameworks/Python3.framework/Versions/3.9/lib/python3.9/multiprocessing/process.py", line 108, in run
    self._target(*self._args, **self._kwargs)
  File "/Users/macmini/Desktop/whitebox/wbl-backend/myvenv/lib/python3.9/site-packages/uvicorn/_subprocess.py", line 80, in subprocess_started
    target(sockets=sockets)
  File "/Users/macmini/Desktop/whitebox/wbl-backend/myvenv/lib/python3.9/site-packages/uvicorn/server.py", line 67, in run
    return asyncio_run(self.serve(sockets=sockets), loop_factory=self.config.get_loop_factory())
  File "/Users/macmini/Desktop/whitebox/wbl-backend/myvenv/lib/python3.9/site-packages/uvicorn/_compat.py", line 60, in asyncio_run
    return loop.run_until_complete(main)
  File "uvloop/loop.pyx", line 1518, in uvloop.loop.Loop.run_until_complete
  File "/Users/macmini/Desktop/whitebox/wbl-backend/myvenv/lib/python3.9/site-packages/uvicorn/server.py", line 71, in serve
    await self._serve(sockets)
  File "/Users/macmini/Desktop/whitebox/wbl-backend/myvenv/lib/python3.9/site-packages/uvicorn/server.py", line 78, in _serve
    config.load()
  File "/Users/macmini/Desktop/whitebox/wbl-backend/myvenv/lib/python3.9/site-packages/uvicorn/config.py", line 439, in load
    self.loaded_app = import_from_string(self.app)
  File "/Users/macmini/Desktop/whitebox/wbl-backend/myvenv/lib/python3.9/site-packages/uvicorn/importer.py", line 19, in import_from_string
    module = importlib.import_module(module_str)
  File "/Library/Developer/CommandLineTools/Library/Frameworks/Python3.framework/Versions/3.9/lib/python3.9/importlib/__init__.py", line 127, in import_module
    return _bootstrap._gcd_import(name[level:], package, level)
  File "<frozen importlib._bootstrap>", line 1030, in _gcd_import
  File "<frozen importlib._bootstrap>", line 1007, in _find_and_load
  File "<frozen importlib._bootstrap>", line 986, in _find_and_load_unlocked
  File "<frozen importlib._bootstrap>", line 680, in _load_unlocked
  File "<frozen importlib._bootstrap_external>", line 850, in exec_module
  File "<frozen importlib._bootstrap>", line 228, in _call_with_frames_removed
  File "/Users/macmini/Desktop/whitebox/wbl-backend/fapi/main.py", line 2, in <module>
    from fapi.api.routes import (
  File "/Users/macmini/Desktop/whitebox/wbl-backend/fapi/api/routes/__init__.py", line 2, in <module>
    from . import (
  File "/Users/macmini/Desktop/whitebox/wbl-backend/fapi/api/routes/candidate.py", line 19, in <module>
    from fapi.utils.candidate_utils import (
ImportError: cannot import name 'get_candidate_marketing' from 'fapi.utils.candidate_utils' (/Users/macmini/Desktop/whitebox/wbl-backend/fapi/utils/candidate_utils.py)
WARNING:  WatchFiles detected changes in 'fapi/api/routes/candidate.py'. Reloading...
Process SpawnProcess-10:
Traceback (most recent call last):
  File "/Library/Developer/CommandLineTools/Library/Frameworks/Python3.framework/Versions/3.9/lib/python3.9/multiprocessing/process.py", line 315, in _bootstrap
    self.run()
  File "/Library/Developer/CommandLineTools/Library/Frameworks/Python3.framework/Versions/3.9/lib/python3.9/multiprocessing/process.py", line 108, in run
    self._target(*self._args, **self._kwargs)
  File "/Users/macmini/Desktop/whitebox/wbl-backend/myvenv/lib/python3.9/site-packages/uvicorn/_subprocess.py", line 80, in subprocess_started
    target(sockets=sockets)
  File "/Users/macmini/Desktop/whitebox/wbl-backend/myvenv/lib/python3.9/site-packages/uvicorn/server.py", line 67, in run
    return asyncio_run(self.serve(sockets=sockets), loop_factory=self.config.get_loop_factory())
  File "/Users/macmini/Desktop/whitebox/wbl-backend/myvenv/lib/python3.9/site-packages/uvicorn/_compat.py", line 60, in asyncio_run
    return loop.run_until_complete(main)
  File "uvloop/loop.pyx", line 1518, in uvloop.loop.Loop.run_until_complete
  File "/Users/macmini/Desktop/whitebox/wbl-backend/myvenv/lib/python3.9/site-packages/uvicorn/server.py", line 71, in serve
    await self._serve(sockets)
  File "/Users/macmini/Desktop/whitebox/wbl-backend/myvenv/lib/python3.9/site-packages/uvicorn/server.py", line 78, in _serve
    config.load()
  File "/Users/macmini/Desktop/whitebox/wbl-backend/myvenv/lib/python3.9/site-packages/uvicorn/config.py", line 439, in load
    self.loaded_app = import_from_string(self.app)
  File "/Users/macmini/Desktop/whitebox/wbl-backend/myvenv/lib/python3.9/site-packages/uvicorn/importer.py", line 19, in import_from_string
    module = importlib.import_module(module_str)
  File "/Library/Developer/CommandLineTools/Library/Frameworks/Python3.framework/Versions/3.9/lib/python3.9/importlib/__init__.py", line 127, in import_module
    return _bootstrap._gcd_import(name[level:], package, level)
  File "<frozen importlib._bootstrap>", line 1030, in _gcd_import
  File "<frozen importlib._bootstrap>", line 1007, in _find_and_load
  File "<frozen importlib._bootstrap>", line 986, in _find_and_load_unlocked
  File "<frozen importlib._bootstrap>", line 680, in _load_unlocked
  File "<frozen importlib._bootstrap_external>", line 850, in exec_module
  File "<frozen importlib._bootstrap>", line 228, in _call_with_frames_removed
  File "/Users/macmini/Desktop/whitebox/wbl-backend/fapi/main.py", line 2, in <module>
    from fapi.api.routes import (
  File "/Users/macmini/Desktop/whitebox/wbl-backend/fapi/api/routes/__init__.py", line 2, in <module>
    from . import (
  File "/Users/macmini/Desktop/whitebox/wbl-backend/fapi/api/routes/hr_contact.py", line 9, in <module>
    from fapi.utils.hr_contact_utils import get_hr_contacts_version
ImportError: cannot import name 'get_hr_contacts_version' from 'fapi.utils.hr_contact_utils' (/Users/macmini/Desktop/whitebox/wbl-backend/fapi/utils/hr_contact_utils.py)
